0 verbose cli /usr/local/bin/node /usr/local/bin/npm
1 info using npm@10.9.2
2 info using node@v22.14.0
3 silly config load:file:/usr/local/lib/node_modules/npm/npmrc
4 silly config load:file:/home/container/.npmrc
5 silly config load:file:/usr/local/etc/npmrc
6 verbose title npm install
7 verbose argv "install"
8 verbose logfile logs-max:10 dir:/home/container/.npm/_logs/2025-04-15T12_40_54_917Z-
9 verbose logfile /home/container/.npm/_logs/2025-04-15T12_40_54_917Z-debug-0.log
10 silly logfile start cleaning logs, removing 1 files
11 silly logfile done cleaning log files
12 silly packumentCache heap:271581184 maxSize:67895296 maxEntrySize:33947648
13 silly idealTree buildDeps
14 silly reify moves {}
15 silly audit bulk request {
15 silly audit   '@discordjs/builders': [ '1.10.0' ],
15 silly audit   '@discordjs/collection': [ '2.1.1', '1.5.3' ],
15 silly audit   '@discordjs/formatters': [ '0.6.0' ],
15 silly audit   '@discordjs/rest': [ '2.4.2' ],
15 silly audit   '@discordjs/util': [ '1.1.1' ],
15 silly audit   '@discordjs/ws': [ '1.2.0' ],
15 silly audit   '@sapphire/async-queue': [ '1.5.5' ],
15 silly audit   '@sapphire/shapeshift': [ '4.0.0' ],
15 silly audit   '@sapphire/snowflake': [ '3.5.5', '3.5.3' ],
15 silly audit   '@types/node': [ '20.17.19' ],
15 silly audit   '@types/ws': [ '8.5.13' ],
15 silly audit   '@vladfrangu/async_event_emitter': [ '2.4.6' ],
15 silly audit   asynckit: [ '0.4.0' ],
15 silly audit   'aws-ssl-profiles': [ '1.1.2' ],
15 silly audit   axios: [ '1.7.9' ],
15 silly audit   'bignumber.js': [ '9.0.0' ],
15 silly audit   'call-bind-apply-helpers': [ '1.0.2' ],
15 silly audit   'combined-stream': [ '1.0.8' ],
15 silly audit   'core-util-is': [ '1.0.3' ],
15 silly audit   'cron-parser': [ '4.9.0' ],
15 silly audit   daemon: [ '1.1.0' ],
15 silly audit   'delayed-stream': [ '1.0.0' ],
15 silly audit   denque: [ '2.1.0' ],
15 silly audit   'discord-api-types': [ '0.37.117' ],
15 silly audit   'discord.js': [ '14.17.3' ],
15 silly audit   dotenv: [ '16.4.7' ],
15 silly audit   'dunder-proto': [ '1.0.1' ],
15 silly audit   'es-define-property': [ '1.0.1' ],
15 silly audit   'es-errors': [ '1.3.0' ],
15 silly audit   'es-object-atoms': [ '1.1.1' ],
15 silly audit   'es-set-tostringtag': [ '2.1.0' ],
15 silly audit   'fast-deep-equal': [ '3.1.3' ],
15 silly audit   'follow-redirects': [ '1.15.9' ],
15 silly audit   'form-data': [ '4.0.2' ],
15 silly audit   'function-bind': [ '1.1.2' ],
15 silly audit   'generate-function': [ '2.3.1' ],
15 silly audit   'get-intrinsic': [ '1.3.0' ],
15 silly audit   'get-proto': [ '1.0.1' ],
15 silly audit   gopd: [ '1.2.0' ],
15 silly audit   'has-symbols': [ '1.1.0' ],
15 silly audit   'has-tostringtag': [ '1.0.2' ],
15 silly audit   hasown: [ '2.0.2' ],
15 silly audit   'iconv-lite': [ '0.6.3' ],
15 silly audit   inherits: [ '2.0.4' ],
15 silly audit   init: [ '0.1.2' ],
15 silly audit   'is-property': [ '1.0.2' ],
15 silly audit   isarray: [ '1.0.0' ],
15 silly audit   lodash: [ '4.17.21' ],
15 silly audit   'lodash.snakecase': [ '4.1.1' ],
15 silly audit   long: [ '5.3.1' ],
15 silly audit   'long-timeout': [ '0.1.1' ],
15 silly audit   'lru-cache': [ '7.18.3', '10.4.3' ],
15 silly audit   'lru.min': [ '1.1.1' ],
15 silly audit   luxon: [ '3.5.0' ],
15 silly audit   'magic-bytes.js': [ '1.10.0' ],
15 silly audit   'math-intrinsics': [ '1.1.0' ],
15 silly audit   'mime-db': [ '1.52.0' ],
15 silly audit   'mime-types': [ '2.1.35' ],
15 silly audit   mysql: [ '2.18.1' ],
15 silly audit   mysql2: [ '3.12.0' ],
15 silly audit   sqlstring: [ '2.3.3', '2.3.1' ],
15 silly audit   'named-placeholders': [ '1.1.3' ],
15 silly audit   'node-schedule': [ '2.1.1' ],
15 silly audit   npm: [ '10.9.2' ],
15 silly audit   'ansi-regex': [ '6.1.0', '5.0.1' ],
15 silly audit   'emoji-regex': [ '9.2.2', '8.0.0' ],
15 silly audit   'string-width': [ '5.1.2', '4.2.3' ],
15 silly audit   'strip-ansi': [ '7.1.0', '6.0.1' ],
15 silly audit   pacote: [ '20.0.0', '19.0.1' ],
15 silly audit   abbrev: [ '3.0.0', '2.0.0' ],
15 silly audit   'ansi-styles': [ '6.2.1', '4.3.0' ],
15 silly audit   chownr: [ '3.0.0', '2.0.0' ],
15 silly audit   minizlib: [ '3.0.1', '2.1.2' ],
15 silly audit   mkdirp: [ '3.0.1', '1.0.4' ],
15 silly audit   'p-map': [ '7.0.2', '4.0.0' ],
15 silly audit   tar: [ '7.4.3', '6.2.1' ],
15 silly audit   yallist: [ '5.0.0', '4.0.0' ],
15 silly audit   which: [ '2.0.2', '5.0.0' ],
15 silly audit   'fs-minipass': [ '3.0.3', '2.1.0' ],
15 silly audit   isexe: [ '2.0.0', '3.1.1' ],
15 silly audit   minipass: [ '7.1.2', '3.3.6', '5.0.0' ],
15 silly audit   'safer-buffer': [ '2.1.2' ],
15 silly audit   'spdx-expression-parse': [ '3.0.1', '4.0.0' ],
15 silly audit   'util-deprecate': [ '1.0.2' ],
15 silly audit   'wrap-ansi': [ '8.1.0', '7.0.0' ],
15 silly audit   'process-nextick-args': [ '2.0.1' ],
15 silly audit   'proxy-from-env': [ '1.1.0' ],
15 silly audit   'readable-stream': [ '2.3.7' ],
15 silly audit   'safe-buffer': [ '5.1.2' ],
15 silly audit   'samp-query': [ '0.1.5' ],
15 silly audit   'seq-queue': [ '0.0.5' ],
15 silly audit   'sorted-array-functions': [ '1.3.0' ],
15 silly audit   string_decoder: [ '1.1.1' ],
15 silly audit   'ts-mixer': [ '6.0.4' ],
15 silly audit   tslib: [ '2.8.1' ],
15 silly audit   undici: [ '6.19.8' ],
15 silly audit   'undici-types': [ '6.19.8' ],
15 silly audit   ws: [ '8.18.0' ],
15 silly audit   '@isaacs/cliui': [ '8.0.2' ],
15 silly audit   '@isaacs/fs-minipass': [ '4.0.1' ],
15 silly audit   '@isaacs/string-locale-compare': [ '1.1.0' ],
15 silly audit   '@npmcli/agent': [ '3.0.0' ],
15 silly audit   '@npmcli/arborist': [ '8.0.0' ],
15 silly audit   '@npmcli/config': [ '9.0.0' ],
15 silly audit   '@npmcli/fs': [ '4.0.0' ],
15 silly audit   '@npmcli/git': [ '6.0.1' ],
15 silly audit   '@npmcli/installed-package-contents': [ '3.0.0' ],
15 silly audit   '@npmcli/map-workspaces': [ '4.0.2' ],
15 silly audit   '@npmcli/metavuln-calculator': [ '8.0.1' ],
15 silly audit   '@npmcli/name-from-folder': [ '3.0.0' ],
15 silly audit   '@npmcli/node-gyp': [ '4.0.0' ],
15 silly audit   '@npmcli/package-json': [ '6.1.0' ],
15 silly audit   '@npmcli/promise-spawn': [ '8.0.2' ],
15 silly audit   '@npmcli/query': [ '4.0.0' ],
15 silly audit   '@npmcli/redact': [ '3.0.0' ],
15 silly audit   '@npmcli/run-script': [ '9.0.2' ],
15 silly audit   '@pkgjs/parseargs': [ '0.11.0' ],
15 silly audit   '@sigstore/protobuf-specs': [ '0.3.2' ],
15 silly audit   '@sigstore/tuf': [ '3.0.0' ],
15 silly audit   '@tufjs/canonical-json': [ '2.0.0' ],
15 silly audit   'agent-base': [ '7.1.1' ],
15 silly audit   'aggregate-error': [ '3.1.0' ],
15 silly audit   aproba: [ '2.0.0' ],
15 silly audit   archy: [ '1.0.0' ],
15 silly audit   'balanced-match': [ '1.0.2' ],
15 silly audit   'bin-links': [ '5.0.0' ],
15 silly audit   'binary-extensions': [ '2.3.0' ],
15 silly audit   'brace-expansion': [ '2.0.1' ],
15 silly audit   cacache: [ '19.0.1' ],
15 silly audit   chalk: [ '5.3.0' ],
15 silly audit   'ci-info': [ '4.1.0' ],
15 silly audit   'cidr-regex': [ '4.1.1' ],
15 silly audit   'clean-stack': [ '2.2.0' ],
15 silly audit   'cli-columns': [ '4.0.0' ],
15 silly audit   'cmd-shim': [ '7.0.0' ],
15 silly audit   'color-convert': [ '2.0.1' ],
15 silly audit   'color-name': [ '1.1.4' ],
15 silly audit   'common-ancestor-path': [ '1.0.1' ],
15 silly audit   'cross-spawn': [ '7.0.6' ],
15 silly audit   cssesc: [ '3.0.0' ],
15 silly audit   debug: [ '4.3.7' ],
15 silly audit   diff: [ '5.2.0' ],
15 silly audit   eastasianwidth: [ '0.2.0' ],
15 silly audit   encoding: [ '0.1.13' ],
15 silly audit   'env-paths': [ '2.2.1' ],
15 silly audit   'err-code': [ '2.0.3' ],
15 silly audit   'exponential-backoff': [ '3.1.1' ],
15 silly audit   'fastest-levenshtein': [ '1.0.16' ],
15 silly audit   'foreground-child': [ '3.3.0' ],
15 silly audit   glob: [ '10.4.5' ],
15 silly audit   'graceful-fs': [ '4.2.11' ],
15 silly audit   'hosted-git-info': [ '8.0.2' ],
15 silly audit   'http-cache-semantics': [ '4.1.1' ],
15 silly audit   'http-proxy-agent': [ '7.0.2' ],
15 silly audit   'https-proxy-agent': [ '7.0.5' ],
15 silly audit   'ignore-walk': [ '7.0.0' ],
15 silly audit   imurmurhash: [ '0.1.4' ],
15 silly audit   'indent-string': [ '4.0.0' ],
15 silly audit   ini: [ '5.0.0' ],
15 silly audit   'init-package-json': [ '7.0.2' ],
15 silly audit   'ip-address': [ '9.0.5' ],
15 silly audit   'ip-regex': [ '5.0.0' ],
15 silly audit   'is-cidr': [ '5.1.0' ],
15 silly audit   'is-fullwidth-code-point': [ '3.0.0' ],
15 silly audit   jackspeak: [ '3.4.3' ],
15 silly audit   jsbn: [ '1.1.0' ],
15 silly audit   'json-parse-even-better-errors': [ '4.0.0' ],
15 silly audit   'json-stringify-nice': [ '1.1.4' ],
15 silly audit   jsonparse: [ '1.3.1' ],
15 silly audit   'just-diff': [ '6.0.2' ],
15 silly audit   'just-diff-apply': [ '5.5.0' ],
15 silly audit   libnpmaccess: [ '9.0.0' ],
15 silly audit   libnpmdiff: [ '7.0.0' ],
15 silly audit   libnpmexec: [ '9.0.0' ],
15 silly audit   libnpmfund: [ '6.0.0' ],
15 silly audit   libnpmhook: [ '11.0.0' ],
15 silly audit   libnpmorg: [ '7.0.0' ],
15 silly audit   libnpmpack: [ '8.0.0' ],
15 silly audit   libnpmpublish: [ '10.0.1' ],
15 silly audit   libnpmsearch: [ '8.0.0' ],
15 silly audit   libnpmteam: [ '7.0.0' ],
15 silly audit   libnpmversion: [ '7.0.0' ],
15 silly audit   'make-fetch-happen': [ '14.0.3' ],
15 silly audit   negotiator: [ '1.0.0' ],
15 silly audit   minimatch: [ '9.0.5' ],
15 silly audit   'minipass-collect': [ '2.0.1' ],
15 silly audit   'minipass-fetch': [ '4.0.0' ],
15 silly audit   'minipass-flush': [ '1.0.5' ],
15 silly audit   'minipass-pipeline': [ '1.2.4' ],
15 silly audit   'minipass-sized': [ '1.0.3' ],
15 silly audit   ms: [ '2.1.3' ],
15 silly audit   'mute-stream': [ '2.0.0' ],
15 silly audit   'node-gyp': [ '11.0.0' ],
15 silly audit   nopt: [ '8.0.0' ],
15 silly audit   'normalize-package-data': [ '7.0.0' ],
15 silly audit   'npm-audit-report': [ '6.0.0' ],
15 silly audit   'npm-bundled': [ '4.0.0' ],
15 silly audit   'npm-install-checks': [ '7.1.1' ],
15 silly audit   'npm-normalize-package-bin': [ '4.0.0' ],
15 silly audit   'npm-package-arg': [ '12.0.0' ],
15 silly audit   'npm-packlist': [ '9.0.0' ],
15 silly audit   'npm-pick-manifest': [ '10.0.0' ],
15 silly audit   'npm-profile': [ '11.0.1' ],
15 silly audit   'npm-registry-fetch': [ '18.0.2' ],
15 silly audit   'npm-user-validate': [ '3.0.0' ],
15 silly audit   'package-json-from-dist': [ '1.0.1' ],
15 silly audit   'parse-conflict-json': [ '4.0.0' ],
15 silly audit   'path-key': [ '3.1.1' ],
15 silly audit   'path-scurry': [ '1.11.1' ],
15 silly audit   'postcss-selector-parser': [ '6.1.2' ],
15 silly audit   'proc-log': [ '5.0.0' ],
15 silly audit   proggy: [ '3.0.0' ],
15 silly audit   'promise-all-reject-late': [ '1.0.1' ],
15 silly audit   'promise-call-limit': [ '3.0.2' ],
15 silly audit   'promise-inflight': [ '1.0.1' ],
15 silly audit   'promise-retry': [ '2.0.1' ],
15 silly audit   promzard: [ '2.0.0' ],
15 silly audit   'qrcode-terminal': [ '0.12.0' ],
15 silly audit   read: [ '4.0.0' ],
15 silly audit   'read-cmd-shim': [ '5.0.0' ],
15 silly audit   'read-package-json-fast': [ '4.0.0' ],
15 silly audit   retry: [ '0.12.0' ],
15 silly audit   rimraf: [ '5.0.10' ],
15 silly audit   semver: [ '7.6.3' ],
15 silly audit   'shebang-command': [ '2.0.0' ],
15 silly audit   'shebang-regex': [ '3.0.0' ],
15 silly audit   'signal-exit': [ '4.1.0' ],
15 silly audit   sigstore: [ '3.0.0' ],
15 silly audit   '@sigstore/bundle': [ '3.0.0' ],
15 silly audit   '@sigstore/core': [ '2.0.0' ],
15 silly audit   '@sigstore/sign': [ '3.0.0' ],
15 silly audit   '@sigstore/verify': [ '2.0.0' ],
15 silly audit   'smart-buffer': [ '4.2.0' ],
15 silly audit   socks: [ '2.8.3' ],
15 silly audit   'socks-proxy-agent': [ '8.0.4' ],
15 silly audit   'spdx-correct': [ '3.2.0' ],
15 silly audit   'spdx-exceptions': [ '2.5.0' ],
15 silly audit   'spdx-license-ids': [ '3.0.20' ],
15 silly audit   'sprintf-js': [ '1.1.3' ],
15 silly audit   ssri: [ '12.0.0' ],
15 silly audit   'supports-color': [ '9.4.0' ],
15 silly audit   'text-table': [ '0.2.0' ],
15 silly audit   'tiny-relative-date': [ '1.3.0' ],
15 silly audit   treeverse: [ '3.0.0' ],
15 silly audit   'tuf-js': [ '3.0.1' ],
15 silly audit   '@tufjs/models': [ '3.0.1' ],
15 silly audit   'unique-filename': [ '4.0.0' ],
15 silly audit   'unique-slug': [ '5.0.0' ],
15 silly audit   'validate-npm-package-license': [ '3.0.4' ],
15 silly audit   'validate-npm-package-name': [ '6.0.0' ],
15 silly audit   'walk-up-path': [ '3.0.1' ],
15 silly audit   'write-file-atomic': [ '6.0.0' ]
15 silly audit }
16 http fetch POST 200 https://registry.npmjs.org/-/npm/v1/security/advisories/bulk 1920ms
17 silly audit report {
17 silly audit report   axios: [
17 silly audit report     {
17 silly audit report       id: 1103618,
17 silly audit report       url: 'https://github.com/advisories/GHSA-jr5f-v2jv-69x6',
17 silly audit report       title: 'axios Requests Vulnerable To Possible SSRF and Credential Leakage via Absolute URL',
17 silly audit report       severity: 'high',
17 silly audit report       vulnerable_versions: '>=1.0.0 <1.8.2',
17 silly audit report       cwe: [Array],
17 silly audit report       cvss: [Object]
17 silly audit report     }
17 silly audit report   ],
17 silly audit report   undici: [
17 silly audit report     {
17 silly audit report       id: 1101609,
17 silly audit report       url: 'https://github.com/advisories/GHSA-c76h-2ccp-4975',
17 silly audit report       title: 'Use of Insufficiently Random Values in undici',
17 silly audit report       severity: 'moderate',
17 silly audit report       vulnerable_versions: '>=6.0.0 <6.21.1',
17 silly audit report       cwe: [Array],
17 silly audit report       cvss: [Object]
17 silly audit report     }
17 silly audit report   ]
17 silly audit report }
18 silly packumentCache corgi:https://registry.npmjs.org/axios cache-miss
19 silly packumentCache corgi:https://registry.npmjs.org/undici cache-miss
20 http fetch GET 200 https://registry.npmjs.org/undici 274ms (cache updated)
21 silly packumentCache corgi:https://registry.npmjs.org/undici set size:undefined disposed:false
22 http fetch GET 200 https://registry.npmjs.org/axios 378ms (cache updated)
23 silly packumentCache corgi:https://registry.npmjs.org/axios set size:undefined disposed:false
24 silly packumentCache corgi:https://registry.npmjs.org/@discordjs%2frest cache-miss
25 silly packumentCache corgi:https://registry.npmjs.org/discord.js cache-miss
26 http fetch GET 200 https://registry.npmjs.org/@discordjs%2frest 976ms (cache updated)
27 silly packumentCache corgi:https://registry.npmjs.org/@discordjs%2frest set size:undefined disposed:false
28 http fetch GET 200 https://registry.npmjs.org/discord.js 1523ms (cache updated)
29 silly packumentCache corgi:https://registry.npmjs.org/discord.js set size:undefined disposed:false
30 silly packumentCache corgi:https://registry.npmjs.org/@discordjs%2fws cache-miss
31 http fetch GET 200 https://registry.npmjs.org/@discordjs%2fws 613ms (cache updated)
32 silly packumentCache corgi:https://registry.npmjs.org/@discordjs%2fws set size:undefined disposed:false
33 verbose cwd /home/container
34 verbose os Linux 6.1.0-29-amd64
35 verbose node v22.14.0
36 verbose npm  v10.9.2
37 verbose exit 0
38 info ok
